{"total": {"lines":{"total":367,"covered":349,"skipped":0,"pct":95.09},"statements":{"total":372,"covered":354,"skipped":0,"pct":95.16},"functions":{"total":45,"covered":45,"skipped":0,"pct":100},"branches":{"total":159,"covered":136,"skipped":0,"pct":85.53},"branchesTrue":{"total":0,"covered":0,"skipped":0,"pct":100}}
,"C:\\Users\\smbon\\Documents\\Andela\\Bootcamp_Capstone\\my_Git_Stuffs\\my-brand\\server\\lib\\index.js": {"lines":{"total":22,"covered":20,"skipped":0,"pct":90.9},"functions":{"total":3,"covered":3,"skipped":0,"pct":100},"statements":{"total":22,"covered":20,"skipped":0,"pct":90.9},"branches":{"total":10,"covered":9,"skipped":0,"pct":90}}
,"C:\\Users\\smbon\\Documents\\Andela\\Bootcamp_Capstone\\my_Git_Stuffs\\my-brand\\server\\lib\\routes.js": {"lines":{"total":38,"covered":38,"skipped":0,"pct":100},"functions":{"total":1,"covered":1,"skipped":0,"pct":100},"statements":{"total":38,"covered":38,"skipped":0,"pct":100},"branches":{"total":4,"covered":4,"skipped":0,"pct":100}}
,"C:\\Users\\smbon\\Documents\\Andela\\Bootcamp_Capstone\\my_Git_Stuffs\\my-brand\\server\\lib\\authentication\\auth.js": {"lines":{"total":11,"covered":11,"skipped":0,"pct":100},"functions":{"total":2,"covered":2,"skipped":0,"pct":100},"statements":{"total":12,"covered":12,"skipped":0,"pct":100},"branches":{"total":6,"covered":5,"skipped":0,"pct":83.33}}
,"C:\\Users\\smbon\\Documents\\Andela\\Bootcamp_Capstone\\my_Git_Stuffs\\my-brand\\server\\lib\\controllers\\articleController.js": {"lines":{"total":62,"covered":58,"skipped":0,"pct":93.54},"functions":{"total":6,"covered":6,"skipped":0,"pct":100},"statements":{"total":62,"covered":58,"skipped":0,"pct":93.54},"branches":{"total":26,"covered":23,"skipped":0,"pct":88.46}}
,"C:\\Users\\smbon\\Documents\\Andela\\Bootcamp_Capstone\\my_Git_Stuffs\\my-brand\\server\\lib\\controllers\\commentController.js": {"lines":{"total":29,"covered":29,"skipped":0,"pct":100},"functions":{"total":5,"covered":5,"skipped":0,"pct":100},"statements":{"total":30,"covered":30,"skipped":0,"pct":100},"branches":{"total":10,"covered":9,"skipped":0,"pct":90}}
,"C:\\Users\\smbon\\Documents\\Andela\\Bootcamp_Capstone\\my_Git_Stuffs\\my-brand\\server\\lib\\controllers\\likeController.js": {"lines":{"total":37,"covered":36,"skipped":0,"pct":97.29},"functions":{"total":5,"covered":5,"skipped":0,"pct":100},"statements":{"total":38,"covered":37,"skipped":0,"pct":97.36},"branches":{"total":23,"covered":21,"skipped":0,"pct":91.3}}
,"C:\\Users\\smbon\\Documents\\Andela\\Bootcamp_Capstone\\my_Git_Stuffs\\my-brand\\server\\lib\\controllers\\queryController.js": {"lines":{"total":25,"covered":25,"skipped":0,"pct":100},"functions":{"total":4,"covered":4,"skipped":0,"pct":100},"statements":{"total":25,"covered":25,"skipped":0,"pct":100},"branches":{"total":12,"covered":11,"skipped":0,"pct":91.66}}
,"C:\\Users\\smbon\\Documents\\Andela\\Bootcamp_Capstone\\my_Git_Stuffs\\my-brand\\server\\lib\\controllers\\userController.js": {"lines":{"total":81,"covered":70,"skipped":0,"pct":86.41},"functions":{"total":8,"covered":8,"skipped":0,"pct":100},"statements":{"total":82,"covered":71,"skipped":0,"pct":86.58},"branches":{"total":38,"covered":31,"skipped":0,"pct":81.57}}
,"C:\\Users\\smbon\\Documents\\Andela\\Bootcamp_Capstone\\my_Git_Stuffs\\my-brand\\server\\lib\\models\\Article.js": {"lines":{"total":7,"covered":7,"skipped":0,"pct":100},"functions":{"total":1,"covered":1,"skipped":0,"pct":100},"statements":{"total":7,"covered":7,"skipped":0,"pct":100},"branches":{"total":4,"covered":3,"skipped":0,"pct":75}}
,"C:\\Users\\smbon\\Documents\\Andela\\Bootcamp_Capstone\\my_Git_Stuffs\\my-brand\\server\\lib\\models\\Comment.js": {"lines":{"total":7,"covered":7,"skipped":0,"pct":100},"functions":{"total":1,"covered":1,"skipped":0,"pct":100},"statements":{"total":7,"covered":7,"skipped":0,"pct":100},"branches":{"total":4,"covered":3,"skipped":0,"pct":75}}
,"C:\\Users\\smbon\\Documents\\Andela\\Bootcamp_Capstone\\my_Git_Stuffs\\my-brand\\server\\lib\\models\\Like.js": {"lines":{"total":7,"covered":7,"skipped":0,"pct":100},"functions":{"total":1,"covered":1,"skipped":0,"pct":100},"statements":{"total":7,"covered":7,"skipped":0,"pct":100},"branches":{"total":4,"covered":3,"skipped":0,"pct":75}}
,"C:\\Users\\smbon\\Documents\\Andela\\Bootcamp_Capstone\\my_Git_Stuffs\\my-brand\\server\\lib\\models\\Query.js": {"lines":{"total":7,"covered":7,"skipped":0,"pct":100},"functions":{"total":1,"covered":1,"skipped":0,"pct":100},"statements":{"total":7,"covered":7,"skipped":0,"pct":100},"branches":{"total":4,"covered":3,"skipped":0,"pct":75}}
,"C:\\Users\\smbon\\Documents\\Andela\\Bootcamp_Capstone\\my_Git_Stuffs\\my-brand\\server\\lib\\models\\User.js": {"lines":{"total":12,"covered":12,"skipped":0,"pct":100},"functions":{"total":2,"covered":2,"skipped":0,"pct":100},"statements":{"total":12,"covered":12,"skipped":0,"pct":100},"branches":{"total":4,"covered":3,"skipped":0,"pct":75}}
,"C:\\Users\\smbon\\Documents\\Andela\\Bootcamp_Capstone\\my_Git_Stuffs\\my-brand\\server\\lib\\validation\\middleware.js": {"lines":{"total":15,"covered":15,"skipped":0,"pct":100},"functions":{"total":4,"covered":4,"skipped":0,"pct":100},"statements":{"total":16,"covered":16,"skipped":0,"pct":100},"branches":{"total":6,"covered":5,"skipped":0,"pct":83.33}}
,"C:\\Users\\smbon\\Documents\\Andela\\Bootcamp_Capstone\\my_Git_Stuffs\\my-brand\\server\\lib\\validation\\schemas.js": {"lines":{"total":7,"covered":7,"skipped":0,"pct":100},"functions":{"total":1,"covered":1,"skipped":0,"pct":100},"statements":{"total":7,"covered":7,"skipped":0,"pct":100},"branches":{"total":4,"covered":3,"skipped":0,"pct":75}}
}
