{"total": {"lines":{"total":372,"covered":227,"skipped":0,"pct":61.02},"statements":{"total":377,"covered":231,"skipped":0,"pct":61.27},"functions":{"total":45,"covered":28,"skipped":0,"pct":62.22},"branches":{"total":159,"covered":64,"skipped":0,"pct":40.25},"branchesTrue":{"total":0,"covered":0,"skipped":0,"pct":100}}
,"C:\\Users\\smbon\\Documents\\Andela\\Bootcamp_Capstone\\my_Git_Stuffs\\my-brand\\server\\lib\\index.js": {"lines":{"total":24,"covered":22,"skipped":0,"pct":91.66},"functions":{"total":3,"covered":3,"skipped":0,"pct":100},"statements":{"total":24,"covered":22,"skipped":0,"pct":91.66},"branches":{"total":10,"covered":9,"skipped":0,"pct":90}}
,"C:\\Users\\smbon\\Documents\\Andela\\Bootcamp_Capstone\\my_Git_Stuffs\\my-brand\\server\\lib\\routes.js": {"lines":{"total":38,"covered":38,"skipped":0,"pct":100},"functions":{"total":1,"covered":1,"skipped":0,"pct":100},"statements":{"total":38,"covered":38,"skipped":0,"pct":100},"branches":{"total":4,"covered":4,"skipped":0,"pct":100}}
,"C:\\Users\\smbon\\Documents\\Andela\\Bootcamp_Capstone\\my_Git_Stuffs\\my-brand\\server\\lib\\authentication\\auth.js": {"lines":{"total":11,"covered":9,"skipped":0,"pct":81.81},"functions":{"total":2,"covered":2,"skipped":0,"pct":100},"statements":{"total":12,"covered":10,"skipped":0,"pct":83.33},"branches":{"total":6,"covered":5,"skipped":0,"pct":83.33}}
,"C:\\Users\\smbon\\Documents\\Andela\\Bootcamp_Capstone\\my_Git_Stuffs\\my-brand\\server\\lib\\controllers\\articleController.js": {"lines":{"total":62,"covered":22,"skipped":0,"pct":35.48},"functions":{"total":6,"covered":3,"skipped":0,"pct":50},"statements":{"total":62,"covered":22,"skipped":0,"pct":35.48},"branches":{"total":26,"covered":3,"skipped":0,"pct":11.53}}
,"C:\\Users\\smbon\\Documents\\Andela\\Bootcamp_Capstone\\my_Git_Stuffs\\my-brand\\server\\lib\\controllers\\commentController.js": {"lines":{"total":29,"covered":18,"skipped":0,"pct":62.06},"functions":{"total":5,"covered":3,"skipped":0,"pct":60},"statements":{"total":30,"covered":19,"skipped":0,"pct":63.33},"branches":{"total":10,"covered":4,"skipped":0,"pct":40}}
,"C:\\Users\\smbon\\Documents\\Andela\\Bootcamp_Capstone\\my_Git_Stuffs\\my-brand\\server\\lib\\controllers\\likeController.js": {"lines":{"total":37,"covered":11,"skipped":0,"pct":29.72},"functions":{"total":5,"covered":1,"skipped":0,"pct":20},"statements":{"total":38,"covered":11,"skipped":0,"pct":28.94},"branches":{"total":23,"covered":3,"skipped":0,"pct":13.04}}
,"C:\\Users\\smbon\\Documents\\Andela\\Bootcamp_Capstone\\my_Git_Stuffs\\my-brand\\server\\lib\\controllers\\queryController.js": {"lines":{"total":25,"covered":10,"skipped":0,"pct":40},"functions":{"total":4,"covered":1,"skipped":0,"pct":25},"statements":{"total":25,"covered":10,"skipped":0,"pct":40},"branches":{"total":12,"covered":3,"skipped":0,"pct":25}}
,"C:\\Users\\smbon\\Documents\\Andela\\Bootcamp_Capstone\\my_Git_Stuffs\\my-brand\\server\\lib\\controllers\\userController.js": {"lines":{"total":84,"covered":35,"skipped":0,"pct":41.66},"functions":{"total":8,"covered":3,"skipped":0,"pct":37.5},"statements":{"total":85,"covered":36,"skipped":0,"pct":42.35},"branches":{"total":38,"covered":10,"skipped":0,"pct":26.31}}
,"C:\\Users\\smbon\\Documents\\Andela\\Bootcamp_Capstone\\my_Git_Stuffs\\my-brand\\server\\lib\\models\\Article.js": {"lines":{"total":7,"covered":7,"skipped":0,"pct":100},"functions":{"total":1,"covered":1,"skipped":0,"pct":100},"statements":{"total":7,"covered":7,"skipped":0,"pct":100},"branches":{"total":4,"covered":3,"skipped":0,"pct":75}}
,"C:\\Users\\smbon\\Documents\\Andela\\Bootcamp_Capstone\\my_Git_Stuffs\\my-brand\\server\\lib\\models\\Comment.js": {"lines":{"total":7,"covered":7,"skipped":0,"pct":100},"functions":{"total":1,"covered":1,"skipped":0,"pct":100},"statements":{"total":7,"covered":7,"skipped":0,"pct":100},"branches":{"total":4,"covered":3,"skipped":0,"pct":75}}
,"C:\\Users\\smbon\\Documents\\Andela\\Bootcamp_Capstone\\my_Git_Stuffs\\my-brand\\server\\lib\\models\\Like.js": {"lines":{"total":7,"covered":7,"skipped":0,"pct":100},"functions":{"total":1,"covered":1,"skipped":0,"pct":100},"statements":{"total":7,"covered":7,"skipped":0,"pct":100},"branches":{"total":4,"covered":3,"skipped":0,"pct":75}}
,"C:\\Users\\smbon\\Documents\\Andela\\Bootcamp_Capstone\\my_Git_Stuffs\\my-brand\\server\\lib\\models\\Query.js": {"lines":{"total":7,"covered":7,"skipped":0,"pct":100},"functions":{"total":1,"covered":1,"skipped":0,"pct":100},"statements":{"total":7,"covered":7,"skipped":0,"pct":100},"branches":{"total":4,"covered":3,"skipped":0,"pct":75}}
,"C:\\Users\\smbon\\Documents\\Andela\\Bootcamp_Capstone\\my_Git_Stuffs\\my-brand\\server\\lib\\models\\User.js": {"lines":{"total":12,"covered":12,"skipped":0,"pct":100},"functions":{"total":2,"covered":2,"skipped":0,"pct":100},"statements":{"total":12,"covered":12,"skipped":0,"pct":100},"branches":{"total":4,"covered":3,"skipped":0,"pct":75}}
,"C:\\Users\\smbon\\Documents\\Andela\\Bootcamp_Capstone\\my_Git_Stuffs\\my-brand\\server\\lib\\validation\\middleware.js": {"lines":{"total":15,"covered":15,"skipped":0,"pct":100},"functions":{"total":4,"covered":4,"skipped":0,"pct":100},"statements":{"total":16,"covered":16,"skipped":0,"pct":100},"branches":{"total":6,"covered":5,"skipped":0,"pct":83.33}}
,"C:\\Users\\smbon\\Documents\\Andela\\Bootcamp_Capstone\\my_Git_Stuffs\\my-brand\\server\\lib\\validation\\schemas.js": {"lines":{"total":7,"covered":7,"skipped":0,"pct":100},"functions":{"total":1,"covered":1,"skipped":0,"pct":100},"statements":{"total":7,"covered":7,"skipped":0,"pct":100},"branches":{"total":4,"covered":3,"skipped":0,"pct":75}}
}
