TN:
SF:lib\index.js
FN:20,_interopRequireDefault
FN:36,(anonymous_1)
FN:39,(anonymous_2)
FNF:3
FNH:3
FNDA:4,_interopRequireDefault
FNDA:1,(anonymous_1)
FNDA:1,(anonymous_2)
DA:3,1
DA:6,1
DA:8,1
DA:10,1
DA:12,1
DA:14,1
DA:16,1
DA:18,1
DA:20,4
DA:26,1
DA:27,0
DA:29,0
DA:32,1
DA:34,1
DA:37,1
DA:38,1
DA:39,1
DA:40,1
DA:44,1
DA:45,1
LF:20
LH:18
BRDA:20,0,0,1
BRDA:20,0,1,3
BRDA:20,1,0,4
BRDA:20,1,1,4
BRDA:26,2,0,0
BRDA:26,2,1,1
BRF:6
BRH:5
end_of_record
TN:
SF:lib\routes.js
FN:26,_interopRequireDefault
FNF:1
FNH:1
FNDA:9,_interopRequireDefault
DA:3,1
DA:6,1
DA:8,1
DA:10,1
DA:12,1
DA:14,1
DA:16,1
DA:18,1
DA:20,1
DA:22,1
DA:24,1
DA:26,9
DA:28,1
DA:31,1
DA:32,1
DA:33,1
DA:34,1
DA:35,1
DA:36,1
DA:37,1
DA:40,1
DA:41,1
DA:42,1
DA:45,1
DA:46,1
DA:47,1
DA:48,1
DA:49,1
DA:52,1
DA:53,1
DA:54,1
DA:56,1
DA:59,1
DA:60,1
DA:61,1
DA:63,1
DA:65,1
DA:66,1
LF:38
LH:38
BRDA:26,0,0,7
BRDA:26,0,1,2
BRDA:26,1,0,9
BRDA:26,1,1,9
BRF:4
BRH:4
end_of_record
TN:
SF:lib\authentication\auth.js
FN:7,_interopRequireDefault
FN:9,(anonymous_1)
FNF:2
FNH:2
FNDA:2,_interopRequireDefault
FNDA:73,(anonymous_1)
DA:3,1
DA:5,1
DA:7,2
DA:9,1
DA:10,73
DA:11,73
DA:15,59
DA:16,59
DA:18,47
DA:19,47
DA:21,12
LF:11
LH:11
BRDA:7,0,0,0
BRDA:7,0,1,2
BRDA:7,1,0,2
BRDA:7,1,1,2
BRDA:11,2,0,14
BRDA:11,2,1,59
BRF:6
BRH:5
end_of_record
TN:
SF:lib\controllers\articleController.js
FN:16,_interopRequireDefault
FN:20,(anonymous_1)
FN:25,(anonymous_2)
FN:46,(anonymous_3)
FN:82,(anonymous_4)
FN:122,(anonymous_5)
FNF:6
FNH:6
FNDA:3,_interopRequireDefault
FNDA:1,(anonymous_1)
FNDA:3,(anonymous_2)
FNDA:2,(anonymous_3)
FNDA:6,(anonymous_4)
FNDA:3,(anonymous_5)
DA:3,1
DA:6,1
DA:8,1
DA:10,1
DA:12,1
DA:14,1
DA:16,3
DA:18,1
DA:20,1
DA:21,1
DA:22,1
DA:25,1
DA:26,3
DA:27,1
DA:32,2
DA:33,2
DA:42,2
DA:43,2
DA:46,1
DA:47,2
DA:48,2
DA:49,2
DA:53,1
DA:54,0
DA:57,1
DA:58,1
DA:62,0
DA:65,1
DA:66,1
DA:70,0
DA:73,1
DA:75,1
DA:76,1
DA:82,1
DA:83,6
DA:84,1
DA:89,5
DA:90,5
DA:94,4
DA:95,3
DA:98,4
DA:99,3
DA:102,4
DA:103,3
DA:104,3
DA:107,4
DA:108,0
DA:111,4
DA:112,4
DA:113,4
DA:115,1
DA:116,1
DA:122,1
DA:123,3
DA:124,1
DA:129,2
DA:130,2
DA:133,1
DA:135,1
DA:136,1
DA:142,1
DA:143,1
LF:62
LH:58
BRDA:16,0,0,3
BRDA:16,0,1,0
BRDA:16,1,0,3
BRDA:16,1,1,3
BRDA:26,2,0,1
BRDA:26,2,1,2
BRDA:26,3,0,3
BRDA:26,3,1,3
BRDA:53,4,0,0
BRDA:53,4,1,1
BRDA:83,5,0,1
BRDA:83,5,1,5
BRDA:83,6,0,6
BRDA:83,6,1,6
BRDA:94,7,0,3
BRDA:94,7,1,1
BRDA:98,8,0,3
BRDA:98,8,1,1
BRDA:102,9,0,3
BRDA:102,9,1,1
BRDA:107,10,0,0
BRDA:107,10,1,4
BRDA:123,11,0,1
BRDA:123,11,1,2
BRDA:123,12,0,3
BRDA:123,12,1,3
BRF:26
BRH:23
end_of_record
TN:
SF:lib\controllers\commentController.js
FN:10,_interopRequireDefault
FN:14,(anonymous_1)
FN:19,(anonymous_2)
FN:30,(anonymous_3)
FN:45,(anonymous_4)
FNF:5
FNH:5
FNDA:1,_interopRequireDefault
FNDA:1,(anonymous_1)
FNDA:1,(anonymous_2)
FNDA:2,(anonymous_3)
FNDA:3,(anonymous_4)
DA:3,1
DA:6,1
DA:8,1
DA:10,1
DA:12,1
DA:14,1
DA:15,1
DA:16,1
DA:19,1
DA:20,1
DA:26,1
DA:27,1
DA:30,1
DA:31,2
DA:32,2
DA:35,2
DA:36,1
DA:38,1
DA:39,1
DA:45,1
DA:46,3
DA:47,1
DA:52,2
DA:53,2
DA:56,1
DA:58,1
DA:59,1
DA:65,1
DA:66,1
LF:29
LH:29
BRDA:10,0,0,1
BRDA:10,0,1,0
BRDA:10,1,0,1
BRDA:10,1,1,1
BRDA:35,2,0,1
BRDA:35,2,1,1
BRDA:46,3,0,1
BRDA:46,3,1,2
BRDA:46,4,0,3
BRDA:46,4,1,3
BRF:10
BRH:9
end_of_record
TN:
SF:lib\controllers\likeController.js
FN:10,_interopRequireDefault
FN:14,(anonymous_1)
FN:25,(anonymous_2)
FN:47,(anonymous_3)
FN:68,(anonymous_4)
FNF:5
FNH:5
FNDA:1,_interopRequireDefault
FNDA:2,(anonymous_1)
FNDA:3,(anonymous_2)
FNDA:2,(anonymous_3)
FNDA:3,(anonymous_4)
DA:3,1
DA:6,1
DA:8,1
DA:10,1
DA:12,1
DA:14,1
DA:15,2
DA:16,1
DA:21,1
DA:22,1
DA:25,1
DA:26,3
DA:31,3
DA:32,2
DA:36,2
DA:37,2
DA:39,1
DA:43,1
DA:47,1
DA:48,2
DA:49,0
DA:54,2
DA:55,2
DA:58,2
DA:59,1
DA:61,1
DA:62,1
DA:68,1
DA:69,3
DA:70,1
DA:75,2
DA:76,2
DA:79,1
DA:81,1
DA:82,1
DA:88,1
DA:89,1
LF:37
LH:36
BRDA:10,0,0,1
BRDA:10,0,1,0
BRDA:10,1,0,1
BRDA:10,1,1,1
BRDA:15,2,0,1
BRDA:15,2,1,1
BRDA:15,3,0,2
BRDA:15,3,1,2
BRDA:15,3,2,2
BRDA:31,4,0,2
BRDA:31,4,1,1
BRDA:48,5,0,0
BRDA:48,5,1,2
BRDA:48,6,0,2
BRDA:48,6,1,2
BRDA:48,6,2,2
BRDA:58,7,0,1
BRDA:58,7,1,1
BRDA:69,8,0,1
BRDA:69,8,1,2
BRDA:69,9,0,3
BRDA:69,9,1,3
BRDA:69,9,2,3
BRF:23
BRH:21
end_of_record
TN:
SF:lib\controllers\queryController.js
FN:10,_interopRequireDefault
FN:14,(anonymous_1)
FN:25,(anonymous_2)
FN:36,(anonymous_3)
FNF:4
FNH:4
FNDA:1,_interopRequireDefault
FNDA:2,(anonymous_1)
FNDA:1,(anonymous_2)
FNDA:3,(anonymous_3)
DA:3,1
DA:6,1
DA:8,1
DA:10,1
DA:12,1
DA:14,1
DA:15,2
DA:16,1
DA:21,1
DA:22,1
DA:25,1
DA:26,1
DA:32,1
DA:33,1
DA:36,1
DA:37,3
DA:38,1
DA:43,2
DA:44,2
DA:47,1
DA:49,1
DA:50,1
DA:56,1
DA:57,1
LF:24
LH:24
BRDA:10,0,0,1
BRDA:10,0,1,0
BRDA:10,1,0,1
BRDA:10,1,1,1
BRDA:15,2,0,1
BRDA:15,2,1,1
BRDA:15,3,0,2
BRDA:15,3,1,2
BRDA:37,4,0,1
BRDA:37,4,1,2
BRDA:37,5,0,3
BRDA:37,5,1,3
BRF:12
BRH:11
end_of_record
TN:
SF:lib\controllers\userController.js
FN:12,_interopRequireDefault
FN:16,(anonymous_1)
FN:44,(anonymous_2)
FN:69,(anonymous_3)
FN:102,(anonymous_4)
FN:149,(anonymous_5)
FN:169,(anonymous_6)
FN:191,(anonymous_7)
FNF:8
FNH:8
FNDA:2,_interopRequireDefault
FNDA:3,(anonymous_1)
FNDA:4,(anonymous_2)
FNDA:3,(anonymous_3)
FNDA:1,(anonymous_4)
FNDA:2,(anonymous_5)
FNDA:1,(anonymous_6)
FNDA:2,(anonymous_7)
DA:3,1
DA:6,1
DA:8,1
DA:10,1
DA:12,2
DA:14,1
DA:16,1
DA:17,3
DA:21,3
DA:22,1
DA:27,2
DA:29,2
DA:30,1
DA:35,1
DA:36,1
DA:44,1
DA:45,4
DA:48,4
DA:51,3
DA:57,3
DA:58,3
DA:59,3
DA:60,3
DA:61,3
DA:69,1
DA:70,3
DA:71,1
DA:76,2
DA:77,2
DA:81,2
DA:82,1
DA:84,1
DA:87,2
DA:88,2
DA:95,0
DA:96,0
DA:102,1
DA:103,1
DA:104,0
DA:109,1
DA:110,1
DA:114,1
DA:115,1
DA:118,1
DA:119,1
DA:122,1
DA:123,1
DA:126,1
DA:127,1
DA:128,1
DA:130,1
DA:131,1
DA:132,1
DA:135,1
DA:142,0
DA:143,0
DA:149,1
DA:150,2
DA:151,1
DA:156,1
DA:157,1
DA:160,1
DA:162,0
DA:163,0
DA:169,1
DA:173,1
DA:174,1
DA:177,1
DA:184,0
DA:185,0
DA:191,1
DA:192,2
DA:193,1
DA:198,1
DA:199,1
DA:200,1
DA:202,0
DA:203,0
DA:209,1
DA:210,1
LF:80
LH:69
BRDA:12,0,0,1
BRDA:12,0,1,1
BRDA:12,1,0,2
BRDA:12,1,1,2
BRDA:21,2,0,1
BRDA:21,2,1,2
BRDA:29,3,0,1
BRDA:29,3,1,1
BRDA:48,4,0,1
BRDA:48,4,1,3
BRDA:70,5,0,1
BRDA:70,5,1,2
BRDA:70,6,0,3
BRDA:70,6,1,3
BRDA:81,7,0,1
BRDA:81,7,1,1
BRDA:103,8,0,0
BRDA:103,8,1,1
BRDA:103,9,0,1
BRDA:103,9,1,0
BRDA:103,9,2,0
BRDA:114,10,0,1
BRDA:114,10,1,0
BRDA:118,11,0,1
BRDA:118,11,1,0
BRDA:122,12,0,1
BRDA:122,12,1,0
BRDA:130,13,0,1
BRDA:130,13,1,0
BRDA:150,14,0,1
BRDA:150,14,1,1
BRDA:150,15,0,2
BRDA:150,15,1,1
BRDA:150,15,2,1
BRDA:192,16,0,1
BRDA:192,16,1,1
BRDA:192,17,0,2
BRDA:192,17,1,2
BRF:38
BRH:31
end_of_record
TN:
SF:lib\models\Article.js
FN:10,_interopRequireDefault
FNF:1
FNH:1
FNDA:1,_interopRequireDefault
DA:3,1
DA:6,1
DA:8,1
DA:10,1
DA:12,1
DA:22,1
DA:24,1
LF:7
LH:7
BRDA:10,0,0,0
BRDA:10,0,1,1
BRDA:10,1,0,1
BRDA:10,1,1,1
BRF:4
BRH:3
end_of_record
TN:
SF:lib\models\Comment.js
FN:10,_interopRequireDefault
FNF:1
FNH:1
FNDA:1,_interopRequireDefault
DA:3,1
DA:6,1
DA:8,1
DA:10,1
DA:12,1
DA:19,1
DA:21,1
LF:7
LH:7
BRDA:10,0,0,0
BRDA:10,0,1,1
BRDA:10,1,0,1
BRDA:10,1,1,1
BRF:4
BRH:3
end_of_record
TN:
SF:lib\models\Like.js
FN:10,_interopRequireDefault
FNF:1
FNH:1
FNDA:1,_interopRequireDefault
DA:3,1
DA:6,1
DA:8,1
DA:10,1
DA:12,1
DA:17,1
DA:19,1
LF:7
LH:7
BRDA:10,0,0,0
BRDA:10,0,1,1
BRDA:10,1,0,1
BRDA:10,1,1,1
BRF:4
BRH:3
end_of_record
TN:
SF:lib\models\Query.js
FN:10,_interopRequireDefault
FNF:1
FNH:1
FNDA:1,_interopRequireDefault
DA:3,1
DA:6,1
DA:8,1
DA:10,1
DA:12,1
DA:19,1
DA:21,1
LF:7
LH:7
BRDA:10,0,0,0
BRDA:10,0,1,1
BRDA:10,1,0,1
BRDA:10,1,1,1
BRF:4
BRH:3
end_of_record
TN:
SF:lib\models\User.js
FN:14,_interopRequireDefault
FN:23,(anonymous_1)
FNF:2
FNH:2
FNDA:3,_interopRequireDefault
FNDA:5,(anonymous_1)
DA:3,1
DA:6,1
DA:8,1
DA:10,1
DA:12,1
DA:14,3
DA:16,1
DA:23,1
DA:24,5
DA:32,5
DA:35,1
DA:37,1
LF:12
LH:12
BRDA:14,0,0,0
BRDA:14,0,1,3
BRDA:14,1,0,3
BRDA:14,1,1,3
BRF:4
BRH:3
end_of_record
TN:
SF:lib\validation\middleware.js
FN:10,_interopRequireDefault
FN:12,(anonymous_1)
FN:13,(anonymous_2)
FN:25,(anonymous_3)
FNF:4
FNH:4
FNDA:1,_interopRequireDefault
FNDA:7,(anonymous_1)
FNDA:33,(anonymous_2)
FNDA:12,(anonymous_3)
DA:3,1
DA:6,1
DA:8,1
DA:10,1
DA:12,1
DA:13,7
DA:16,33
DA:17,33
DA:19,33
DA:20,21
DA:24,12
DA:25,12
DA:26,12
DA:33,1
DA:34,1
LF:15
LH:15
BRDA:10,0,0,0
BRDA:10,0,1,1
BRDA:10,1,0,1
BRDA:10,1,1,1
BRDA:19,2,0,21
BRDA:19,2,1,12
BRF:6
BRH:5
end_of_record
TN:
SF:lib\validation\schemas.js
FN:10,_interopRequireDefault
FNF:1
FNH:1
FNDA:1,_interopRequireDefault
DA:3,1
DA:6,1
DA:8,1
DA:10,1
DA:12,1
DA:45,1
DA:46,1
LF:7
LH:7
BRDA:10,0,0,0
BRDA:10,0,1,1
BRDA:10,1,0,1
BRDA:10,1,1,1
BRF:4
BRH:3
end_of_record
